<?xml version="1.0" encoding="UTF-8"?>
<!-- Generated by org.testng.reporters.JUnitXMLReporter -->
<testsuite hostname="DESKTOP-017U15Q" ignored="0" name="Test" tests="4" failures="2" timestamp="2022-04-14T09:55:21 IST" time="83.95" errors="0">
  <testcase name="basePageNavigation" time="0.413" classname="Academy.ValidateNavigationBar"/>
  <testcase name="basePageNavigation" time="0.162" classname="Academy.ValidateTitle"/>
  <testcase name="basePageNavigation" time="12.631" classname="Academy.HomePage">
    <failure type="java.lang.ClassCastException" message="org.openqa.selenium.remote.RemoteWebElement cannot be cast to pageObject.LoginPage">
      <![CDATA[java.lang.ClassCastException: org.openqa.selenium.remote.RemoteWebElement cannot be cast to pageObject.LoginPage
at Academy.HomePage.basePageNavigation(HomePage.java:35)
at java.util.ArrayList.forEach(ArrayList.java:1259)
... Removed 31 stack frames]]>
    </failure>
  </testcase> <!-- basePageNavigation -->
  <testcase name="basePageNavigation" time="11.189" classname="Academy.HomePage">
    <failure type="java.lang.ClassCastException" message="org.openqa.selenium.remote.RemoteWebElement cannot be cast to pageObject.LoginPage">
      <![CDATA[java.lang.ClassCastException: org.openqa.selenium.remote.RemoteWebElement cannot be cast to pageObject.LoginPage
at Academy.HomePage.basePageNavigation(HomePage.java:35)
at java.util.ArrayList.forEach(ArrayList.java:1259)
... Removed 31 stack frames]]>
    </failure>
  </testcase> <!-- basePageNavigation -->
</testsuite> <!-- Test -->
